Connecting to database specified by database.yml


Started GET "/assets/rails.png" for 127.0.0.1 at Wed Aug 29 19:07:20 -0300 2012
Connecting to database specified by database.yml

Mysql2::Error (Unknown database 'projeto1_development'):
  mysql2 (0.3.11) lib/mysql2/client.rb:44:in `connect'
  mysql2 (0.3.11) lib/mysql2/client.rb:44:in `initialize'
  activerecord (3.2.6) lib/active_record/connection_adapters/mysql2_adapter.rb:16:in `new'
  activerecord (3.2.6) lib/active_record/connection_adapters/mysql2_adapter.rb:16:in `mysql2_connection'
  activerecord (3.2.6) lib/active_record/connection_adapters/abstract/connection_pool.rb:309:in `send'
  activerecord (3.2.6) lib/active_record/connection_adapters/abstract/connection_pool.rb:309:in `new_connection'
  activerecord (3.2.6) lib/active_record/connection_adapters/abstract/connection_pool.rb:319:in `checkout_new_connection'
  activerecord (3.2.6) lib/active_record/connection_adapters/abstract/connection_pool.rb:241:in `checkout'
  activerecord (3.2.6) lib/active_record/connection_adapters/abstract/connection_pool.rb:236:in `loop'
  activerecord (3.2.6) lib/active_record/connection_adapters/abstract/connection_pool.rb:236:in `checkout'
  /home/ordilei/.rvm/rubies/ruby-1.8.7-p334/lib/ruby/1.8/monitor.rb:242:in `synchronize'
  activerecord (3.2.6) lib/active_record/connection_adapters/abstract/connection_pool.rb:233:in `checkout'
  activerecord (3.2.6) lib/active_record/connection_adapters/abstract/connection_pool.rb:96:in `connection'
  /home/ordilei/.rvm/rubies/ruby-1.8.7-p334/lib/ruby/1.8/monitor.rb:242:in `synchronize'
  activerecord (3.2.6) lib/active_record/connection_adapters/abstract/connection_pool.rb:95:in `connection'
  activerecord (3.2.6) lib/active_record/connection_adapters/abstract/connection_pool.rb:404:in `retrieve_connection'
  activerecord (3.2.6) lib/active_record/connection_adapters/abstract/connection_specification.rb:168:in `retrieve_connection'
  activerecord (3.2.6) lib/active_record/connection_adapters/abstract/connection_specification.rb:142:in `connection'
  activerecord (3.2.6) lib/active_record/query_cache.rb:67:in `call'
  activerecord (3.2.6) lib/active_record/connection_adapters/abstract/connection_pool.rb:473:in `call'
  actionpack (3.2.6) lib/action_dispatch/middleware/callbacks.rb:28:in `call'
  activesupport (3.2.6) lib/active_support/callbacks.rb:405:in `_run__397314981__call__4__callbacks'
  activesupport (3.2.6) lib/active_support/callbacks.rb:405:in `send'
  activesupport (3.2.6) lib/active_support/callbacks.rb:405:in `__run_callback'
  activesupport (3.2.6) lib/active_support/callbacks.rb:385:in `_run_call_callbacks'
  activesupport (3.2.6) lib/active_support/callbacks.rb:81:in `send'
  activesupport (3.2.6) lib/active_support/callbacks.rb:81:in `run_callbacks'
  actionpack (3.2.6) lib/action_dispatch/middleware/callbacks.rb:27:in `call'
  actionpack (3.2.6) lib/action_dispatch/middleware/reloader.rb:65:in `call'
  actionpack (3.2.6) lib/action_dispatch/middleware/remote_ip.rb:31:in `call'
  actionpack (3.2.6) lib/action_dispatch/middleware/debug_exceptions.rb:16:in `call'
  actionpack (3.2.6) lib/action_dispatch/middleware/show_exceptions.rb:56:in `call'
  railties (3.2.6) lib/rails/rack/logger.rb:26:in `call_app'
  railties (3.2.6) lib/rails/rack/logger.rb:16:in `call'
  actionpack (3.2.6) lib/action_dispatch/middleware/request_id.rb:22:in `call'
  rack (1.4.1) lib/rack/methodoverride.rb:21:in `call'
  rack (1.4.1) lib/rack/runtime.rb:17:in `call'
  activesupport (3.2.6) lib/active_support/cache/strategy/local_cache.rb:72:in `call'
  rack (1.4.1) lib/rack/lock.rb:15:in `call'
  actionpack (3.2.6) lib/action_dispatch/middleware/static.rb:62:in `call'
  railties (3.2.6) lib/rails/engine.rb:479:in `call'
  railties (3.2.6) lib/rails/application.rb:220:in `call'
  rack (1.4.1) lib/rack/content_length.rb:14:in `call'
  railties (3.2.6) lib/rails/rack/log_tailer.rb:17:in `call'
  rack (1.4.1) lib/rack/handler/webrick.rb:59:in `service'
  /home/ordilei/.rvm/rubies/ruby-1.8.7-p334/lib/ruby/1.8/webrick/httpserver.rb:104:in `service'
  /home/ordilei/.rvm/rubies/ruby-1.8.7-p334/lib/ruby/1.8/webrick/httpserver.rb:65:in `run'
  /home/ordilei/.rvm/rubies/ruby-1.8.7-p334/lib/ruby/1.8/webrick/server.rb:173:in `start_thread'
  /home/ordilei/.rvm/rubies/ruby-1.8.7-p334/lib/ruby/1.8/webrick/server.rb:162:in `start'
  /home/ordilei/.rvm/rubies/ruby-1.8.7-p334/lib/ruby/1.8/webrick/server.rb:162:in `start_thread'
  /home/ordilei/.rvm/rubies/ruby-1.8.7-p334/lib/ruby/1.8/webrick/server.rb:95:in `start'
  /home/ordilei/.rvm/rubies/ruby-1.8.7-p334/lib/ruby/1.8/webrick/server.rb:92:in `each'
  /home/ordilei/.rvm/rubies/ruby-1.8.7-p334/lib/ruby/1.8/webrick/server.rb:92:in `start'
  /home/ordilei/.rvm/rubies/ruby-1.8.7-p334/lib/ruby/1.8/webrick/server.rb:23:in `start'
  /home/ordilei/.rvm/rubies/ruby-1.8.7-p334/lib/ruby/1.8/webrick/server.rb:82:in `start'
  rack (1.4.1) lib/rack/handler/webrick.rb:13:in `run'
  rack (1.4.1) lib/rack/server.rb:265:in `start'
  railties (3.2.6) lib/rails/commands/server.rb:70:in `start'
  railties (3.2.6) lib/rails/commands.rb:55
  railties (3.2.6) lib/rails/commands.rb:50:in `tap'
  railties (3.2.6) lib/rails/commands.rb:50
  script/rails:6:in `require'
  script/rails:6


  Rendered /home/ordilei/.rvm/gems/ruby-1.8.7-p334/gems/actionpack-3.2.6/lib/action_dispatch/middleware/templates/rescues/_trace.erb (2.3ms)
  Rendered /home/ordilei/.rvm/gems/ruby-1.8.7-p334/gems/actionpack-3.2.6/lib/action_dispatch/middleware/templates/rescues/_request_and_response.erb (2.1ms)
  Rendered /home/ordilei/.rvm/gems/ruby-1.8.7-p334/gems/actionpack-3.2.6/lib/action_dispatch/middleware/templates/rescues/diagnostics.erb within rescues/layout (17.3ms)


Started GET "/produtos" for 127.0.0.1 at Wed Aug 29 19:07:26 -0300 2012

Mysql2::Error (Unknown database 'projeto1_development'):
  mysql2 (0.3.11) lib/mysql2/client.rb:44:in `connect'
  mysql2 (0.3.11) lib/mysql2/client.rb:44:in `initialize'
  activerecord (3.2.6) lib/active_record/connection_adapters/mysql2_adapter.rb:16:in `new'
  activerecord (3.2.6) lib/active_record/connection_adapters/mysql2_adapter.rb:16:in `mysql2_connection'
  activerecord (3.2.6) lib/active_record/connection_adapters/abstract/connection_pool.rb:309:in `send'
  activerecord (3.2.6) lib/active_record/connection_adapters/abstract/connection_pool.rb:309:in `new_connection'
  activerecord (3.2.6) lib/active_record/connection_adapters/abstract/connection_pool.rb:319:in `checkout_new_connection'
  activerecord (3.2.6) lib/active_record/connection_adapters/abstract/connection_pool.rb:241:in `checkout'
  activerecord (3.2.6) lib/active_record/connection_adapters/abstract/connection_pool.rb:236:in `loop'
  activerecord (3.2.6) lib/active_record/connection_adapters/abstract/connection_pool.rb:236:in `checkout'
  /home/ordilei/.rvm/rubies/ruby-1.8.7-p334/lib/ruby/1.8/monitor.rb:242:in `synchronize'
  activerecord (3.2.6) lib/active_record/connection_adapters/abstract/connection_pool.rb:233:in `checkout'
  activerecord (3.2.6) lib/active_record/connection_adapters/abstract/connection_pool.rb:96:in `connection'
  /home/ordilei/.rvm/rubies/ruby-1.8.7-p334/lib/ruby/1.8/monitor.rb:242:in `synchronize'
  activerecord (3.2.6) lib/active_record/connection_adapters/abstract/connection_pool.rb:95:in `connection'
  activerecord (3.2.6) lib/active_record/connection_adapters/abstract/connection_pool.rb:404:in `retrieve_connection'
  activerecord (3.2.6) lib/active_record/connection_adapters/abstract/connection_specification.rb:168:in `retrieve_connection'
  activerecord (3.2.6) lib/active_record/connection_adapters/abstract/connection_specification.rb:142:in `connection'
  activerecord (3.2.6) lib/active_record/query_cache.rb:67:in `call'
  activerecord (3.2.6) lib/active_record/connection_adapters/abstract/connection_pool.rb:473:in `call'
  actionpack (3.2.6) lib/action_dispatch/middleware/callbacks.rb:28:in `call'
  activesupport (3.2.6) lib/active_support/callbacks.rb:405:in `_run__397314981__call__4__callbacks'
  activesupport (3.2.6) lib/active_support/callbacks.rb:405:in `send'
  activesupport (3.2.6) lib/active_support/callbacks.rb:405:in `__run_callback'
  activesupport (3.2.6) lib/active_support/callbacks.rb:385:in `_run_call_callbacks'
  activesupport (3.2.6) lib/active_support/callbacks.rb:81:in `send'
  activesupport (3.2.6) lib/active_support/callbacks.rb:81:in `run_callbacks'
  actionpack (3.2.6) lib/action_dispatch/middleware/callbacks.rb:27:in `call'
  actionpack (3.2.6) lib/action_dispatch/middleware/reloader.rb:65:in `call'
  actionpack (3.2.6) lib/action_dispatch/middleware/remote_ip.rb:31:in `call'
  actionpack (3.2.6) lib/action_dispatch/middleware/debug_exceptions.rb:16:in `call'
  actionpack (3.2.6) lib/action_dispatch/middleware/show_exceptions.rb:56:in `call'
  railties (3.2.6) lib/rails/rack/logger.rb:26:in `call_app'
  railties (3.2.6) lib/rails/rack/logger.rb:16:in `call'
  actionpack (3.2.6) lib/action_dispatch/middleware/request_id.rb:22:in `call'
  rack (1.4.1) lib/rack/methodoverride.rb:21:in `call'
  rack (1.4.1) lib/rack/runtime.rb:17:in `call'
  activesupport (3.2.6) lib/active_support/cache/strategy/local_cache.rb:72:in `call'
  rack (1.4.1) lib/rack/lock.rb:15:in `call'
  actionpack (3.2.6) lib/action_dispatch/middleware/static.rb:62:in `call'
  railties (3.2.6) lib/rails/engine.rb:479:in `call'
  railties (3.2.6) lib/rails/application.rb:220:in `call'
  rack (1.4.1) lib/rack/content_length.rb:14:in `call'
  railties (3.2.6) lib/rails/rack/log_tailer.rb:17:in `call'
  rack (1.4.1) lib/rack/handler/webrick.rb:59:in `service'
  /home/ordilei/.rvm/rubies/ruby-1.8.7-p334/lib/ruby/1.8/webrick/httpserver.rb:104:in `service'
  /home/ordilei/.rvm/rubies/ruby-1.8.7-p334/lib/ruby/1.8/webrick/httpserver.rb:65:in `run'
  /home/ordilei/.rvm/rubies/ruby-1.8.7-p334/lib/ruby/1.8/webrick/server.rb:173:in `start_thread'
  /home/ordilei/.rvm/rubies/ruby-1.8.7-p334/lib/ruby/1.8/webrick/server.rb:162:in `start'
  /home/ordilei/.rvm/rubies/ruby-1.8.7-p334/lib/ruby/1.8/webrick/server.rb:162:in `start_thread'
  /home/ordilei/.rvm/rubies/ruby-1.8.7-p334/lib/ruby/1.8/webrick/server.rb:95:in `start'
  /home/ordilei/.rvm/rubies/ruby-1.8.7-p334/lib/ruby/1.8/webrick/server.rb:92:in `each'
  /home/ordilei/.rvm/rubies/ruby-1.8.7-p334/lib/ruby/1.8/webrick/server.rb:92:in `start'
  /home/ordilei/.rvm/rubies/ruby-1.8.7-p334/lib/ruby/1.8/webrick/server.rb:23:in `start'
  /home/ordilei/.rvm/rubies/ruby-1.8.7-p334/lib/ruby/1.8/webrick/server.rb:82:in `start'
  rack (1.4.1) lib/rack/handler/webrick.rb:13:in `run'
  rack (1.4.1) lib/rack/server.rb:265:in `start'
  railties (3.2.6) lib/rails/commands/server.rb:70:in `start'
  railties (3.2.6) lib/rails/commands.rb:55
  railties (3.2.6) lib/rails/commands.rb:50:in `tap'
  railties (3.2.6) lib/rails/commands.rb:50
  script/rails:6:in `require'
  script/rails:6


  Rendered /home/ordilei/.rvm/gems/ruby-1.8.7-p334/gems/actionpack-3.2.6/lib/action_dispatch/middleware/templates/rescues/_trace.erb (1.1ms)
  Rendered /home/ordilei/.rvm/gems/ruby-1.8.7-p334/gems/actionpack-3.2.6/lib/action_dispatch/middleware/templates/rescues/_request_and_response.erb (0.8ms)
  Rendered /home/ordilei/.rvm/gems/ruby-1.8.7-p334/gems/actionpack-3.2.6/lib/action_dispatch/middleware/templates/rescues/diagnostics.erb within rescues/layout (8.9ms)
Connecting to database specified by database.yml
  [1m[36m (132.3ms)[0m  [1mCREATE TABLE `schema_migrations` (`version` varchar(255) NOT NULL) ENGINE=InnoDB[0m
  [1m[35m (244.9ms)[0m  CREATE UNIQUE INDEX `unique_schema_migrations` ON `schema_migrations` (`version`)
  [1m[36m (0.2ms)[0m  [1mSELECT `schema_migrations`.`version` FROM `schema_migrations` [0m
Migrating to CreateProdutos (20120829220620)
  [1m[35m (139.6ms)[0m  CREATE TABLE `produtos` (`id` int(11) DEFAULT NULL auto_increment PRIMARY KEY, `text` varchar(255), `text2` varchar(255), `created_at` datetime NOT NULL, `updated_at` datetime NOT NULL) ENGINE=InnoDB
  [1m[36m (54.8ms)[0m  [1mINSERT INTO `schema_migrations` (`version`) VALUES ('20120829220620')[0m
  [1m[35m (0.3ms)[0m  SELECT `schema_migrations`.`version` FROM `schema_migrations` 


Started GET "/produtos" for 127.0.0.1 at Wed Aug 29 19:07:58 -0300 2012
Connecting to database specified by database.yml
Processing by ProdutosController#index as HTML
  [1m[36mProduto Load (0.4ms)[0m  [1mSELECT `produtos`.* FROM `produtos` [0m
  Rendered produtos/index.html.erb within layouts/application (4.3ms)
Compiled produtos.css  (60ms)  (pid 6285)
Compiled scaffolds.css  (26ms)  (pid 6285)
Compiled application.css  (103ms)  (pid 6285)
Compiled jquery.js  (4ms)  (pid 6285)
Compiled jquery_ujs.js  (0ms)  (pid 6285)
Compiled produtos.js  (117ms)  (pid 6285)
Compiled application.js  (150ms)  (pid 6285)
Completed 200 OK in 499ms (Views: 437.6ms | ActiveRecord: 2.0ms)


Started GET "/assets/application.css?body=1" for 127.0.0.1 at Wed Aug 29 19:07:59 -0300 2012
Served asset /application.css - 200 OK (9ms)


Started GET "/assets/produtos.css?body=1" for 127.0.0.1 at Wed Aug 29 19:07:59 -0300 2012
Served asset /produtos.css - 200 OK (3ms)


Started GET "/assets/scaffolds.css?body=1" for 127.0.0.1 at Wed Aug 29 19:07:59 -0300 2012
Served asset /scaffolds.css - 200 OK (3ms)


Started GET "/assets/jquery.js?body=1" for 127.0.0.1 at Wed Aug 29 19:07:59 -0300 2012
Served asset /jquery.js - 200 OK (3ms)


Started GET "/assets/jquery_ujs.js?body=1" for 127.0.0.1 at Wed Aug 29 19:07:59 -0300 2012
Served asset /jquery_ujs.js - 200 OK (3ms)


Started GET "/assets/produtos.js?body=1" for 127.0.0.1 at Wed Aug 29 19:07:59 -0300 2012
Served asset /produtos.js - 200 OK (2ms)


Started GET "/assets/application.js?body=1" for 127.0.0.1 at Wed Aug 29 19:07:59 -0300 2012
Served asset /application.js - 200 OK (7ms)


Started GET "/produtos/new" for 127.0.0.1 at Wed Aug 29 19:08:37 -0300 2012
Processing by ProdutosController#new as HTML
  Rendered produtos/_form.html.erb (119.7ms)
  Rendered produtos/new.html.erb within layouts/application (448.2ms)
Completed 200 OK in 461ms (Views: 456.1ms | ActiveRecord: 0.0ms)


Started GET "/assets/application.css?body=1" for 127.0.0.1 at Wed Aug 29 19:08:37 -0300 2012
Served asset /application.css - 304 Not Modified (0ms)


Started GET "/assets/produtos.css?body=1" for 127.0.0.1 at Wed Aug 29 19:08:37 -0300 2012
Served asset /produtos.css - 304 Not Modified (0ms)


Started GET "/assets/scaffolds.css?body=1" for 127.0.0.1 at Wed Aug 29 19:08:37 -0300 2012
Served asset /scaffolds.css - 304 Not Modified (0ms)


Started GET "/assets/jquery.js?body=1" for 127.0.0.1 at Wed Aug 29 19:08:37 -0300 2012
Served asset /jquery.js - 304 Not Modified (0ms)


Started GET "/assets/jquery_ujs.js?body=1" for 127.0.0.1 at Wed Aug 29 19:08:37 -0300 2012
Served asset /jquery_ujs.js - 304 Not Modified (0ms)


Started GET "/assets/produtos.js?body=1" for 127.0.0.1 at Wed Aug 29 19:08:37 -0300 2012
Served asset /produtos.js - 304 Not Modified (0ms)


Started GET "/assets/application.js?body=1" for 127.0.0.1 at Wed Aug 29 19:08:37 -0300 2012
Served asset /application.js - 304 Not Modified (0ms)


Started POST "/produtos" for 127.0.0.1 at Wed Aug 29 19:08:46 -0300 2012
Processing by ProdutosController#create as HTML
  Parameters: {"commit"=>"Create Produto", "authenticity_token"=>"nrTF9oO4UgNQ9fYL7UEEtYqtJM8cuhkz/q0yORE/bCE=", "utf8"=>"✓", "produto"=>{"text"=>"bola", "text2"=>"bola"}}
  [1m[35m (0.2ms)[0m  BEGIN
  [1m[36mSQL (0.4ms)[0m  [1mINSERT INTO `produtos` (`created_at`, `text`, `text2`, `updated_at`) VALUES ('2012-08-29 22:08:46', 'bola', 'bola', '2012-08-29 22:08:46')[0m
  [1m[35m (64.3ms)[0m  COMMIT
Redirected to http://localhost:3000/produtos/1
Completed 302 Found in 101ms (ActiveRecord: 64.8ms)


Started GET "/produtos/1" for 127.0.0.1 at Wed Aug 29 19:08:46 -0300 2012
Processing by ProdutosController#show as HTML
  Parameters: {"id"=>"1"}
  [1m[36mProduto Load (0.4ms)[0m  [1mSELECT `produtos`.* FROM `produtos` WHERE `produtos`.`id` = 1 LIMIT 1[0m
  Rendered produtos/show.html.erb within layouts/application (1.5ms)
Completed 200 OK in 12ms (Views: 6.5ms | ActiveRecord: 0.4ms)


Started GET "/assets/application.css?body=1" for 127.0.0.1 at Wed Aug 29 19:08:46 -0300 2012
Served asset /application.css - 304 Not Modified (0ms)


Started GET "/assets/jquery_ujs.js?body=1" for 127.0.0.1 at Wed Aug 29 19:08:46 -0300 2012
Served asset /jquery_ujs.js - 304 Not Modified (0ms)


Started GET "/assets/jquery.js?body=1" for 127.0.0.1 at Wed Aug 29 19:08:46 -0300 2012
Served asset /jquery.js - 304 Not Modified (0ms)


Started GET "/assets/scaffolds.css?body=1" for 127.0.0.1 at Wed Aug 29 19:08:46 -0300 2012
Served asset /scaffolds.css - 304 Not Modified (0ms)


Started GET "/assets/produtos.js?body=1" for 127.0.0.1 at Wed Aug 29 19:08:46 -0300 2012
Served asset /produtos.js - 304 Not Modified (0ms)


Started GET "/assets/produtos.css?body=1" for 127.0.0.1 at Wed Aug 29 19:08:46 -0300 2012
Served asset /produtos.css - 304 Not Modified (0ms)


Started GET "/assets/application.js?body=1" for 127.0.0.1 at Wed Aug 29 19:08:46 -0300 2012
Served asset /application.js - 304 Not Modified (0ms)


Started GET "/produtos" for 127.0.0.1 at Wed Aug 29 19:09:22 -0300 2012
Processing by ProdutosController#index as HTML
  [1m[35mProduto Load (0.4ms)[0m  SELECT `produtos`.* FROM `produtos` 
  Rendered produtos/index.html.erb within layouts/application (2.2ms)
Completed 200 OK in 11ms (Views: 8.5ms | ActiveRecord: 0.4ms)


Started GET "/assets/application.css?body=1" for 127.0.0.1 at Wed Aug 29 19:09:22 -0300 2012
Served asset /application.css - 304 Not Modified (0ms)


Started GET "/assets/produtos.css?body=1" for 127.0.0.1 at Wed Aug 29 19:09:22 -0300 2012
Served asset /produtos.css - 304 Not Modified (0ms)


Started GET "/assets/scaffolds.css?body=1" for 127.0.0.1 at Wed Aug 29 19:09:22 -0300 2012
Served asset /scaffolds.css - 304 Not Modified (0ms)


Started GET "/assets/jquery.js?body=1" for 127.0.0.1 at Wed Aug 29 19:09:22 -0300 2012
Served asset /jquery.js - 304 Not Modified (0ms)


Started GET "/assets/jquery_ujs.js?body=1" for 127.0.0.1 at Wed Aug 29 19:09:22 -0300 2012
Served asset /jquery_ujs.js - 304 Not Modified (0ms)


Started GET "/assets/produtos.js?body=1" for 127.0.0.1 at Wed Aug 29 19:09:22 -0300 2012
Served asset /produtos.js - 304 Not Modified (0ms)


Started GET "/assets/application.js?body=1" for 127.0.0.1 at Wed Aug 29 19:09:22 -0300 2012
Served asset /application.js - 304 Not Modified (0ms)


Started GET "/produtos/new" for 127.0.0.1 at Wed Aug 29 19:09:30 -0300 2012
Processing by ProdutosController#new as HTML
  Rendered produtos/_form.html.erb (4.4ms)
  Rendered produtos/new.html.erb within layouts/application (6.6ms)
Completed 200 OK in 82ms (Views: 81.4ms | ActiveRecord: 0.0ms)


Started GET "/assets/application.css?body=1" for 127.0.0.1 at Wed Aug 29 19:09:31 -0300 2012
Served asset /application.css - 304 Not Modified (0ms)


Started GET "/assets/produtos.css?body=1" for 127.0.0.1 at Wed Aug 29 19:09:31 -0300 2012
Served asset /produtos.css - 304 Not Modified (0ms)


Started GET "/assets/scaffolds.css?body=1" for 127.0.0.1 at Wed Aug 29 19:09:31 -0300 2012
Served asset /scaffolds.css - 304 Not Modified (0ms)


Started GET "/assets/jquery.js?body=1" for 127.0.0.1 at Wed Aug 29 19:09:31 -0300 2012
Served asset /jquery.js - 304 Not Modified (0ms)


Started GET "/assets/produtos.js?body=1" for 127.0.0.1 at Wed Aug 29 19:09:31 -0300 2012
Served asset /produtos.js - 304 Not Modified (0ms)


Started GET "/assets/jquery_ujs.js?body=1" for 127.0.0.1 at Wed Aug 29 19:09:31 -0300 2012
Served asset /jquery_ujs.js - 304 Not Modified (0ms)


Started GET "/assets/application.js?body=1" for 127.0.0.1 at Wed Aug 29 19:09:31 -0300 2012
Served asset /application.js - 304 Not Modified (0ms)


Started POST "/produtos" for 127.0.0.1 at Wed Aug 29 19:09:33 -0300 2012
Processing by ProdutosController#create as HTML
  Parameters: {"commit"=>"Create Produto", "authenticity_token"=>"nrTF9oO4UgNQ9fYL7UEEtYqtJM8cuhkz/q0yORE/bCE=", "utf8"=>"✓", "produto"=>{"text"=>"bola", "text2"=>"bola"}}
  [1m[36m (0.1ms)[0m  [1mBEGIN[0m
  [1m[35mSQL (0.3ms)[0m  INSERT INTO `produtos` (`created_at`, `text`, `text2`, `updated_at`) VALUES ('2012-08-29 22:09:33', 'bola', 'bola', '2012-08-29 22:09:33')
  [1m[36m (43.2ms)[0m  [1mCOMMIT[0m
Redirected to http://localhost:3000/produtos/2
Completed 302 Found in 49ms (ActiveRecord: 43.6ms)


Started GET "/produtos/2" for 127.0.0.1 at Wed Aug 29 19:09:33 -0300 2012
Processing by ProdutosController#show as HTML
  Parameters: {"id"=>"2"}
  [1m[35mProduto Load (0.6ms)[0m  SELECT `produtos`.* FROM `produtos` WHERE `produtos`.`id` = 2 LIMIT 1
  Rendered produtos/show.html.erb within layouts/application (0.9ms)
Completed 200 OK in 11ms (Views: 6.6ms | ActiveRecord: 0.6ms)


Started GET "/assets/application.css?body=1" for 127.0.0.1 at Wed Aug 29 19:09:33 -0300 2012
Served asset /application.css - 304 Not Modified (0ms)


Started GET "/assets/jquery_ujs.js?body=1" for 127.0.0.1 at Wed Aug 29 19:09:33 -0300 2012
Served asset /jquery_ujs.js - 304 Not Modified (0ms)


Started GET "/assets/produtos.js?body=1" for 127.0.0.1 at Wed Aug 29 19:09:33 -0300 2012
Served asset /produtos.js - 304 Not Modified (0ms)


Started GET "/assets/jquery.js?body=1" for 127.0.0.1 at Wed Aug 29 19:09:33 -0300 2012
Served asset /jquery.js - 304 Not Modified (0ms)


Started GET "/assets/produtos.css?body=1" for 127.0.0.1 at Wed Aug 29 19:09:33 -0300 2012
Served asset /produtos.css - 304 Not Modified (0ms)


Started GET "/assets/scaffolds.css?body=1" for 127.0.0.1 at Wed Aug 29 19:09:33 -0300 2012
Served asset /scaffolds.css - 304 Not Modified (0ms)


Started GET "/assets/application.js?body=1" for 127.0.0.1 at Wed Aug 29 19:09:33 -0300 2012
Served asset /application.js - 304 Not Modified (0ms)
